Determining if the pthread_create exist failed with the following output:
Change Dir: /home/mch/catkin_ws/src/grid_path_searcher/build/CMakeFiles/CMakeTmp

Run Build Command:"/usr/bin/ninja" "cmTC_4c3d3"
[1/2] Building C object CMakeFiles/cmTC_4c3d3.dir/CheckSymbolExists.c.o
[2/2] Linking C executable cmTC_4c3d3
FAILED: cmTC_4c3d3 
: && /usr/bin/gcc-7   -rdynamic CMakeFiles/cmTC_4c3d3.dir/CheckSymbolExists.c.o  -o cmTC_4c3d3   && :
CMakeFiles/cmTC_4c3d3.dir/CheckSymbolExists.c.o: In function `main':
CheckSymbolExists.c:(.text+0x1b): undefined reference to `pthread_create'
collect2: error: ld returned 1 exit status
ninja: build stopped: subcommand failed.

File /home/mch/catkin_ws/src/grid_path_searcher/build/CMakeFiles/CMakeTmp/CheckSymbolExists.c:
/* */
#include <pthread.h>

int main(int argc, char** argv)
{
  (void)argv;
#ifndef pthread_create
  return ((int*)(&pthread_create))[argc];
#else
  (void)argc;
  return 0;
#endif
}

Determining if the function pthread_create exists in the pthreads failed with the following output:
Change Dir: /home/mch/catkin_ws/src/grid_path_searcher/build/CMakeFiles/CMakeTmp

Run Build Command:"/usr/bin/ninja" "cmTC_4a346"
[1/2] Building C object CMakeFiles/cmTC_4a346.dir/CheckFunctionExists.c.o
[2/2] Linking C executable cmTC_4a346
FAILED: cmTC_4a346 
: && /usr/bin/gcc-7 -DCHECK_FUNCTION_EXISTS=pthread_create  -rdynamic CMakeFiles/cmTC_4a346.dir/CheckFunctionExists.c.o  -o cmTC_4a346  -lpthreads && :
/usr/bin/ld: cannot find -lpthreads
collect2: error: ld returned 1 exit status
ninja: build stopped: subcommand failed.


